<?xml version="1.0" encoding="UTF-8"?>
<testsuite xmlns:xsi="http://www.w3.org/2001/XMLSchema-instance" xsi:noNamespaceSchemaLocation="https://maven.apache.org/surefire/maven-surefire-plugin/xsd/surefire-test-report-3.0.xsd" version="3.0" name="com.library.common.utils.TokenCountUtilTest" time="0.507" tests="10" errors="0" skipped="0" failures="0">
  <properties>
[...]
</properties>
  <testcase name="testCountTokens_LongText" classname="com.library.common.utils.TokenCountUtilTest" time="0.436">
    <system-out><![CDATA[长文本长度: 107 字符
Token 数量: 118
]]></system-out>
  </testcase>
  <testcase name="testCountTokens_MultipleTexts" classname="com.library.common.utils.TokenCountUtilTest" time="0.003">
    <system-out><![CDATA[批量计算 Token: 7
分别计算 Token: 7
]]></system-out>
  </testcase>
  <testcase name="testCountTokens_Chinese" classname="com.library.common.utils.TokenCountUtilTest" time="0.004">
    <system-out><![CDATA[中文文本: 你好，世界！
Token 数量: 7
]]></system-out>
  </testcase>
  <testcase name="testGetEncodingName" classname="com.library.common.utils.TokenCountUtilTest" time="0.004">
    <system-out><![CDATA[编码器名称: cl100k_base
]]></system-out>
  </testcase>
  <testcase name="testRagPromptTokens" classname="com.library.common.utils.TokenCountUtilTest" time="0.002">
    <system-out><![CDATA[RAG Prompt:
根据以下知识库内容回答问题：

知识库：《三体》是刘慈欣创作的系列长篇科幻小说，获得雨果奖最佳长篇小说奖。

问题：请推荐一本科幻小说

请基于知识库内容给出详细回答。

Token 数量: 96
]]></system-out>
  </testcase>
  <testcase name="testCountTokens_Mixed" classname="com.library.common.utils.TokenCountUtilTest" time="0.003">
    <system-out><![CDATA[混合文本: 推荐一本科幻小说，比如 The Three-Body Problem
Token 数量: 18
]]></system-out>
  </testcase>
  <testcase name="testCountTokens_Null" classname="com.library.common.utils.TokenCountUtilTest" time="0.003"/>
  <testcase name="testCountTokens_EmptyString" classname="com.library.common.utils.TokenCountUtilTest" time="0.001"/>
  <testcase name="testCountMessageTokens" classname="com.library.common.utils.TokenCountUtilTest" time="0.001">
    <system-out><![CDATA[消息内容: 推荐一本科幻小说
内容 Token: 10
消息 Token (含格式): 14
]]></system-out>
  </testcase>
  <testcase name="testCountTokens_English" classname="com.library.common.utils.TokenCountUtilTest" time="0.003">
    <system-out><![CDATA[英文文本: Hello, World!
Token 数量: 4
]]></system-out>
  </testcase>
</testsuite>